include/cub3d.h: OK!
include/get_next_line.h: OK!
include/libft.h: OK!
include/ncollector.h: OK!
include/protos.h: OK!
include/types.h: OK!
libs/get_next_line/get_next_line.c: OK!
libs/get_next_line/get_next_line.h: OK!
libs/get_next_line/get_next_line_bonus.c: OK!
libs/get_next_line/get_next_line_bonus.h: OK!
libs/get_next_line/get_next_line_utils.c: OK!
libs/get_next_line/get_next_line_utils_bonus.c: OK!
libs/libft/ft_alnum.c: OK!
libs/libft/ft_atoi.c: OK!
libs/libft/ft_bzero.c: OK!
libs/libft/ft_calloc.c: OK!
libs/libft/ft_isalpha.c: OK!
libs/libft/ft_isascii.c: OK!
libs/libft/ft_isdigit.c: OK!
libs/libft/ft_isprint.c: OK!
libs/libft/ft_itoa.c: OK!
libs/libft/ft_lstadd_back.c: OK!
libs/libft/ft_lstadd_front.c: OK!
libs/libft/ft_lstclear.c: OK!
libs/libft/ft_lstdelone.c: OK!
libs/libft/ft_lstiter.c: OK!
libs/libft/ft_lstlast.c: OK!
libs/libft/ft_lstnew.c: OK!
libs/libft/ft_lstsize.c: OK!
libs/libft/ft_memchr.c: OK!
libs/libft/ft_memcmp.c: OK!
libs/libft/ft_memcpy.c: OK!
libs/libft/ft_memmove.c: OK!
libs/libft/ft_memset.c: OK!
libs/libft/ft_putchar_fd.c: OK!
libs/libft/ft_putendl_fd.c: OK!
libs/libft/ft_putnbr_fd.c: OK!
libs/libft/ft_putstr_fd.c: OK!
libs/libft/ft_split.c: OK!
libs/libft/ft_strchr.c: OK!
libs/libft/ft_strdup.c: OK!
libs/libft/ft_striteri.c: OK!
libs/libft/ft_strjoin.c: OK!
libs/libft/ft_strlcat.c: OK!
libs/libft/ft_strlcpy.c: OK!
libs/libft/ft_strlen.c: OK!
libs/libft/ft_strmapi.c: OK!
libs/libft/ft_strncmp.c: OK!
libs/libft/ft_strnstr.c: OK!
libs/libft/ft_strrchr.c: OK!
libs/libft/ft_strtrim.c: OK!
libs/libft/ft_substr.c: OK!
libs/libft/ft_tolower.c: OK!
libs/libft/ft_toupper.c: OK!
libs/libft/ftgc_calloc.c: OK!
libs/libft/ftgc_itoa.c: OK!
libs/libft/ftgc_lstnew.c: OK!
libs/libft/ftgc_split.c: OK!
libs/libft/ftgc_strdup.c: OK!
libs/libft/ftgc_strjoin.c: OK!
libs/libft/ftgc_strmapi.c: OK!
libs/libft/ftgc_strtrim.c: OK!
libs/libft/ftgc_substr.c: OK!
libs/libft/libft.h: OK!
src/main.c: OK!
src/mem_clean.c: OK!
src/engine/handle_textures.c: OK!
src/engine/hooks.c: OK!
src/engine/init.c: OK!
src/engine/movement.c: OK!
src/engine/render.c: OK!
src/engine/utils.c: OK!
src/engine/raycaster/inters.c: OK!
src/engine/raycaster/raycaster.c: OK!
src/engine/raycaster/utils.c: OK!
src/parser/check_map_wall.c: OK!
src/parser/check_wall.c: OK!
src/parser/checks.c: OK!
src/parser/utils.c: OK!
src/parser/utils2.c: OK!
